  Using 'git status' to determine working set for adaptive non-unity build (D:\Git\UE4_Project).
  Parsing headers for ArenaBattleEditor
    Running UnrealHeaderTool "D:\Git\UE4_Project\ArenaBattle\ArenaBattle.uproject" "D:\Git\UE4_Project\ArenaBattle\Intermediate\Build\Win64\ArenaBattleEditor\Development\ArenaBattleEditor.uhtmanifest" -LogCmds="loginit warning, logexit warning, logdatabase error" -Unattended -WarningsAsErrors -abslog="C:\Users\Admin\AppData\Local\UnrealBuildTool\Log_UHT.txt" -installed
  Reflection code generated for ArenaBattleEditor in 2.6609 seconds
  Building ArenaBattleEditor...
  Using Visual Studio 2019 14.29.30146 toolchain (D:\VS2019\VC\Tools\MSVC\14.29.30133) and Windows 10.0.16299.0 SDK (C:\Program Files (x86)\Windows Kits\10).
  Building 9 actions with 12 processes...
    [1/9] ArenaBattle.init.gen.cpp
    [2/9] ABCharacter.gen.cpp
    [3/9] ABGameMode.cpp
    [4/9] ABCharacter.cpp
    [5/9] ABAnimInstance.gen.cpp
    [6/9] ABAnimInstance.cpp
    [7/9] UE4Editor-ArenaBattle.lib
       Creating library D:\Git\UE4_Project\ArenaBattle\Intermediate\Build\Win64\UE4Editor\Development\ArenaBattle\UE4Editor-ArenaBattle.lib and object D:\Git\UE4_Project\ArenaBattle\Intermediate\Build\Win64\UE4Editor\Development\ArenaBattle\UE4Editor-ArenaBattle.exp
    [8/9] UE4Editor-ArenaBattle.dll
       Creating library D:\Git\UE4_Project\ArenaBattle\Intermediate\Build\Win64\UE4Editor\Development\ArenaBattle\UE4Editor-ArenaBattle.suppressed.lib and object D:\Git\UE4_Project\ArenaBattle\Intermediate\Build\Win64\UE4Editor\Development\ArenaBattle\UE4Editor-ArenaBattle.suppressed.exp
    [9/9] ArenaBattleEditor.target
  Total time in Parallel executor: 5.12 seconds
  Total execution time: 8.21 seconds
